
ROM used: 1289 (31%)
          1289 (31%) including unused fragments

          1 Average locations per line
          2 Average locations per statement

RAM used: 48 (19%) at main() level
          60 (23%) worst case

Stack used: 3 worst case (out of 8 total available)

Lines Stmts  %   Files
----- ----- ---  -----
  347   261  34  main.c
   14     0   0  main.h
  206     0   0  ..\..\..\..\..\Program Files (x86)\PICC\devices\16F648A.h
  893   380  50  ..\..\..\..\..\Program Files (x86)\PICC\drivers\stdlib.h
   28     0   0  ..\..\..\..\..\Program Files (x86)\PICC\drivers\stddef.h
  417   126  16  ..\..\..\..\..\Program Files (x86)\PICC\drivers\string.h
   28     0   0  ..\..\..\..\..\Program Files (x86)\PICC\drivers\ctype.h
----- -----
 1933   767 Total

Page ROM  %  RAM   Vol Diff  Functions:
---- --- --- ---   --- ----  ----------
0     21   2   1             @delay_ms1
 Inline       13             @MUL3232
0    102   8   4   101  3.8  rand
0     37   3   5             @DIV1616
0     31   2   0   245  1.8  reset_low
0    110   9   3   553  4.3  show_colors
 Inline        3             @DIV88
0     73   6   0   470  2.8  show_colors2
0     30   2   0   380  5.8  efecto_coloraos
0     28   2   0   354  5.9  efecto_verdes
0     28   2   0   354  5.9  efecto_azules
0     30   2   0   380  5.8  efecto_azulverdes
0     28   2   0   354  5.9  efecto_coloraos2
0     32   2   0   406  5.8  efecto_blancos
0     96   7   2   328  3.7  efecto_random
0    513  40   3  3852  4.2  efecto_subliminal
0    114   9   1   762  7.2  MAIN
0     12   1   0             @goto11518

Program metrics:
    Functions               13
    Statements              767
    Comments                848
    Volume (V)              12900
    Difficilty (D)          62.8
    Effort to implement (E) 810426
    Time to implement (T)   12 hours, 30 minutes
    Est Delivered Bugs (B)  3
    Cyclomatic Complexity   63
    Maintainability (MI)    65

 Segment     Used  Free
-----------  ----  ----
00000-00003     4  0  
00004-007FF  1285  759  
00800-00FFF     0  2048  



